<?xml version="1.0" encoding="UTF-8"?>
<testsuite name="challenge.SubmitTest" tests="6" skipped="0" failures="0" errors="0" timestamp="2019-02-15T13:24:51" hostname="linux-kdlz" time="3.255">
  <properties/>
  <testcase name="q1" classname="challenge.SubmitTest" time="1.023"/>
  <testcase name="q2" classname="challenge.SubmitTest" time="0.945"/>
  <testcase name="q3" classname="challenge.SubmitTest" time="0.35"/>
  <testcase name="q4" classname="challenge.SubmitTest" time="0.316"/>
  <testcase name="q5" classname="challenge.SubmitTest" time="0.304"/>
  <testcase name="q6" classname="challenge.SubmitTest" time="0.315"/>
  <system-out><![CDATA[]]></system-out>
  <system-err><![CDATA[]]></system-err>
</testsuite>
